[debug] [2018-08-30T09:37:01.369Z] ----------------------------------------------------------------------
[debug] [2018-08-30T09:37:01.369Z] Command:       C:\Program Files\nodejs\node.exe C:\Users\JoeMayami\AppData\Roaming\npm\node_modules\firebase-tools\bin\firebase deploy
[debug] [2018-08-30T09:37:01.369Z] CLI Version:   4.2.1
[debug] [2018-08-30T09:37:01.369Z] Platform:      win32
[debug] [2018-08-30T09:37:01.369Z] Node Version:  v8.11.4
[debug] [2018-08-30T09:37:01.369Z] Time:          Thu Aug 30 2018 10:37:01 GMT+0100 (W. Central Africa Standard Time)
[debug] [2018-08-30T09:37:01.369Z] ----------------------------------------------------------------------
[debug] 
[debug] [2018-08-30T09:37:01.416Z] > command requires scopes: ["email","openid","https://www.googleapis.com/auth/cloudplatformprojects.readonly","https://www.googleapis.com/auth/firebase","https://www.googleapis.com/auth/cloud-platform"]
[debug] [2018-08-30T09:37:01.416Z] > authorizing via signed-in user
[debug] [2018-08-30T09:37:01.416Z] >>> HTTP REQUEST GET https://admin.firebase.com/v1/projects/swaqdb  
 
[debug] [2018-08-30T09:37:02.676Z] <<< HTTP RESPONSE 200
[info] 
[info] === Deploying to 'swaqdb'...
[info] 
[info] i  deploying functions, hosting
[info] Running command: npm --prefix "%RESOURCE_DIR%" run lint
[info] Running command: npm --prefix "%RESOURCE_DIR%" run build
[info] +  functions: Finished running predeploy script.
[debug] [2018-08-30T09:37:30.880Z] > [functions] package.json contents: {
  "name": "functions",
  "scripts": {
    "lint": "tslint --project tsconfig.json",
    "build": "tsc",
    "serve": "npm run build && firebase serve --only functions",
    "shell": "npm run build && firebase functions:shell",
    "start": "npm run shell",
    "deploy": "firebase deploy --only functions",
    "logs": "firebase functions:log"
  },
  "main": "lib/index.js",
  "dependencies": {
    "firebase-admin": "^6.0.0",
    "firebase-functions": "^2.0.5"
  },
  "devDependencies": {
    "tslint": "~5.8.0",
    "typescript": "~2.8.3"
  },
  "private": true
}
[info] i  functions: ensuring necessary APIs are enabled...
[debug] [2018-08-30T09:37:30.880Z] >>> HTTP REQUEST GET https://servicemanagement.googleapis.com/v1/services/cloudfunctions.googleapis.com/projectSettings/swaqdb?view=CONSUMER_VIEW  
 
[debug] [2018-08-30T09:37:30.896Z] >>> HTTP REQUEST GET https://servicemanagement.googleapis.com/v1/services/runtimeconfig.googleapis.com/projectSettings/swaqdb?view=CONSUMER_VIEW  
 
